<?xml version="1.0" encoding="UTF-8"?>
<testsuite name="com.djamware.springangularauth.SpringAngularAuthApplicationTests" tests="1" skipped="0" failures="0" errors="0" timestamp="2019-12-15T16:15:17" hostname="anton-ThinkPad-X1-Carbon" time="0.228">
  <properties/>
  <testcase name="contextLoads" classname="com.djamware.springangularauth.SpringAngularAuthApplicationTests" time="0.228"/>
  <system-out><![CDATA[11:15:12.249 [Test worker] DEBUG org.springframework.test.context.junit4.SpringJUnit4ClassRunner - SpringJUnit4ClassRunner constructor called with [class com.djamware.springangularauth.SpringAngularAuthApplicationTests]
11:15:12.257 [Test worker] DEBUG org.springframework.test.context.BootstrapUtils - Instantiating CacheAwareContextLoaderDelegate from class [org.springframework.test.context.cache.DefaultCacheAwareContextLoaderDelegate]
11:15:12.266 [Test worker] DEBUG org.springframework.test.context.BootstrapUtils - Instantiating BootstrapContext using constructor [public org.springframework.test.context.support.DefaultBootstrapContext(java.lang.Class,org.springframework.test.context.CacheAwareContextLoaderDelegate)]
11:15:12.298 [Test worker] DEBUG org.springframework.test.context.BootstrapUtils - Instantiating TestContextBootstrapper for test class [com.djamware.springangularauth.SpringAngularAuthApplicationTests] from class [org.springframework.boot.test.context.SpringBootTestContextBootstrapper]
11:15:12.309 [Test worker] INFO org.springframework.boot.test.context.SpringBootTestContextBootstrapper - Neither @ContextConfiguration nor @ContextHierarchy found for test class [com.djamware.springangularauth.SpringAngularAuthApplicationTests], using SpringBootContextLoader
11:15:12.312 [Test worker] DEBUG org.springframework.test.context.support.AbstractContextLoader - Did not detect default resource location for test class [com.djamware.springangularauth.SpringAngularAuthApplicationTests]: class path resource [com/djamware/springangularauth/SpringAngularAuthApplicationTests-context.xml] does not exist
11:15:12.313 [Test worker] DEBUG org.springframework.test.context.support.AbstractContextLoader - Did not detect default resource location for test class [com.djamware.springangularauth.SpringAngularAuthApplicationTests]: class path resource [com/djamware/springangularauth/SpringAngularAuthApplicationTestsContext.groovy] does not exist
11:15:12.313 [Test worker] INFO org.springframework.test.context.support.AbstractContextLoader - Could not detect default resource locations for test class [com.djamware.springangularauth.SpringAngularAuthApplicationTests]: no resource found for suffixes {-context.xml, Context.groovy}.
11:15:12.365 [Test worker] DEBUG org.springframework.test.context.support.ActiveProfilesUtils - Could not find an 'annotation declaring class' for annotation type [org.springframework.test.context.ActiveProfiles] and class [com.djamware.springangularauth.SpringAngularAuthApplicationTests]
11:15:12.492 [Test worker] DEBUG org.springframework.boot.test.context.SpringBootTestContextBootstrapper - @TestExecutionListeners is not present for class [com.djamware.springangularauth.SpringAngularAuthApplicationTests]: using defaults.
11:15:12.493 [Test worker] INFO org.springframework.boot.test.context.SpringBootTestContextBootstrapper - Loaded default TestExecutionListener class names from location [META-INF/spring.factories]: [org.springframework.security.test.context.support.WithSecurityContextTestExecutionListener, org.springframework.security.test.context.support.ReactorContextTestExecutionListener, org.springframework.boot.test.autoconfigure.restdocs.RestDocsTestExecutionListener, org.springframework.boot.test.autoconfigure.web.client.MockRestServiceServerResetTestExecutionListener, org.springframework.boot.test.autoconfigure.web.servlet.MockMvcPrintOnlyOnFailureTestExecutionListener, org.springframework.boot.test.autoconfigure.web.servlet.WebDriverTestExecutionListener, org.springframework.boot.test.mock.mockito.MockitoTestExecutionListener, org.springframework.boot.test.mock.mockito.ResetMocksTestExecutionListener, org.springframework.test.context.web.ServletTestExecutionListener, org.springframework.test.context.support.DirtiesContextBeforeModesTestExecutionListener, org.springframework.test.context.support.DependencyInjectionTestExecutionListener, org.springframework.test.context.support.DirtiesContextTestExecutionListener, org.springframework.test.context.transaction.TransactionalTestExecutionListener, org.springframework.test.context.jdbc.SqlScriptsTestExecutionListener]
11:15:12.512 [Test worker] INFO org.springframework.boot.test.context.SpringBootTestContextBootstrapper - Using TestExecutionListeners: [org.springframework.test.context.web.ServletTestExecutionListener@4eaff10e, org.springframework.test.context.support.DirtiesContextBeforeModesTestExecutionListener@1c0b1425, org.springframework.boot.test.mock.mockito.MockitoTestExecutionListener@2851ccb6, org.springframework.boot.test.autoconfigure.SpringBootDependencyInjectionTestExecutionListener@50dfe0a7, org.springframework.test.context.support.DirtiesContextTestExecutionListener@61c94c33, org.springframework.test.context.transaction.TransactionalTestExecutionListener@25a7d613, org.springframework.test.context.jdbc.SqlScriptsTestExecutionListener@3358a6d, org.springframework.security.test.context.support.WithSecurityContextTestExecutionListener@2c408874, org.springframework.security.test.context.support.ReactorContextTestExecutionListener@7c3e11b, org.springframework.boot.test.autoconfigure.restdocs.RestDocsTestExecutionListener@1c4fa8be, org.springframework.boot.test.autoconfigure.web.client.MockRestServiceServerResetTestExecutionListener@33862fb8, org.springframework.boot.test.autoconfigure.web.servlet.MockMvcPrintOnlyOnFailureTestExecutionListener@1b2d1294, org.springframework.boot.test.autoconfigure.web.servlet.WebDriverTestExecutionListener@37ee3d3, org.springframework.boot.test.mock.mockito.ResetMocksTestExecutionListener@6215a15a]
11:15:12.515 [Test worker] DEBUG org.springframework.test.annotation.ProfileValueUtils - Retrieved @ProfileValueSourceConfiguration [null] for test class [com.djamware.springangularauth.SpringAngularAuthApplicationTests]
11:15:12.516 [Test worker] DEBUG org.springframework.test.annotation.ProfileValueUtils - Retrieved ProfileValueSource type [class org.springframework.test.annotation.SystemProfileValueSource] for class [com.djamware.springangularauth.SpringAngularAuthApplicationTests]
11:15:12.516 [Test worker] DEBUG org.springframework.test.annotation.ProfileValueUtils - Retrieved @ProfileValueSourceConfiguration [null] for test class [com.djamware.springangularauth.SpringAngularAuthApplicationTests]
11:15:12.517 [Test worker] DEBUG org.springframework.test.annotation.ProfileValueUtils - Retrieved ProfileValueSource type [class org.springframework.test.annotation.SystemProfileValueSource] for class [com.djamware.springangularauth.SpringAngularAuthApplicationTests]
11:15:12.522 [Test worker] DEBUG org.springframework.test.context.support.AbstractDirtiesContextTestExecutionListener - Before test class: context [DefaultTestContext@199a571d testClass = SpringAngularAuthApplicationTests, testInstance = [null], testMethod = [null], testException = [null], mergedContextConfiguration = [WebMergedContextConfiguration@27b91430 testClass = SpringAngularAuthApplicationTests, locations = '{}', classes = '{class com.infofall.serviceconsumer.ServiceConsumer, class com.infofall.serviceconsumer.ServiceConsumer}', contextInitializerClasses = '[]', activeProfiles = '{}', propertySourceLocations = '{}', propertySourceProperties = '{org.springframework.boot.test.context.SpringBootTestContextBootstrapper=true}', contextCustomizers = set[org.springframework.boot.test.autoconfigure.properties.PropertyMappingContextCustomizer@0, org.springframework.boot.test.autoconfigure.web.servlet.WebDriverContextCustomizerFactory$Customizer@5bb0226c, org.springframework.boot.test.context.filter.ExcludeFilterContextCustomizer@4f359cc6, org.springframework.boot.test.json.DuplicateJsonObjectContextCustomizerFactory$DuplicateJsonObjectContextCustomizer@6f7d4350, org.springframework.boot.test.mock.mockito.MockitoContextCustomizer@0, org.springframework.boot.test.web.client.TestRestTemplateContextCustomizer@55e315b2], resourceBasePath = 'src/main/webapp', contextLoader = 'org.springframework.boot.test.context.SpringBootContextLoader', parent = [null]], attributes = map['org.springframework.test.context.web.ServletTestExecutionListener.activateListener' -> true]], class annotated with @DirtiesContext [false] with mode [null].
11:15:12.523 [Test worker] DEBUG org.springframework.test.annotation.ProfileValueUtils - Retrieved @ProfileValueSourceConfiguration [null] for test class [com.djamware.springangularauth.SpringAngularAuthApplicationTests]
11:15:12.523 [Test worker] DEBUG org.springframework.test.annotation.ProfileValueUtils - Retrieved ProfileValueSource type [class org.springframework.test.annotation.SystemProfileValueSource] for class [com.djamware.springangularauth.SpringAngularAuthApplicationTests]
11:15:12.553 [Test worker] DEBUG org.springframework.test.context.support.TestPropertySourceUtils - Adding inlined properties to environment: {spring.jmx.enabled=false, org.springframework.boot.test.context.SpringBootTestContextBootstrapper=true, server.port=-1}

  .   ____          _            __ _ _
 /\\ / ___'_ __ _ _(_)_ __  __ _ \ \ \ \
( ( )\___ | '_ | '_| | '_ \/ _` | \ \ \ \
 \\/  ___)| |_)| | | | | || (_| |  ) ) ) )
  '  |____| .__|_| |_|_| |_\__, | / / / /
 =========|_|==============|___/=/_/_/_/
 :: Spring Boot ::        (v2.1.6.RELEASE)

2019-12-15 11:15:12.876  INFO 4716 --- [    Test worker] c.d.s.SpringAngularAuthApplicationTests  : Starting SpringAngularAuthApplicationTests on anton-ThinkPad-X1-Carbon with PID 4716 (started by anton in /home/anton/infofall/dev/serviceConsumer)
2019-12-15 11:15:12.878  INFO 4716 --- [    Test worker] c.d.s.SpringAngularAuthApplicationTests  : No active profile set, falling back to default profiles: default
2019-12-15 11:15:13.880  INFO 4716 --- [    Test worker] .s.d.r.c.RepositoryConfigurationDelegate : Bootstrapping Spring Data repositories in DEFAULT mode.
2019-12-15 11:15:14.063  INFO 4716 --- [    Test worker] .s.d.r.c.RepositoryConfigurationDelegate : Finished Spring Data repository scanning in 176ms. Found 0 repository interfaces.
2019-12-15 11:15:14.070  INFO 4716 --- [    Test worker] .s.d.r.c.RepositoryConfigurationDelegate : Bootstrapping Spring Data repositories in DEFAULT mode.
2019-12-15 11:15:14.105  INFO 4716 --- [    Test worker] .s.d.r.c.RepositoryConfigurationDelegate : Finished Spring Data repository scanning in 34ms. Found 3 repository interfaces.
2019-12-15 11:15:15.115  INFO 4716 --- [    Test worker] org.mongodb.driver.cluster               : Cluster created with settings {hosts=[localhost:27017], mode=MULTIPLE, requiredClusterType=UNKNOWN, serverSelectionTimeout='30000 ms', maxWaitQueueSize=500}
2019-12-15 11:15:15.115  INFO 4716 --- [    Test worker] org.mongodb.driver.cluster               : Adding discovered server localhost:27017 to client view of cluster
2019-12-15 11:15:15.190  INFO 4716 --- [localhost:27017] org.mongodb.driver.connection            : Opened connection [connectionId{localValue:1, serverValue:26}] to localhost:27017
2019-12-15 11:15:15.196  INFO 4716 --- [localhost:27017] org.mongodb.driver.cluster               : Monitor thread successfully connected to server with description ServerDescription{address=localhost:27017, type=STANDALONE, state=CONNECTED, ok=true, version=ServerVersion{versionList=[4, 2, 0]}, minWireVersion=0, maxWireVersion=8, maxDocumentSize=16777216, logicalSessionTimeoutMinutes=30, roundTripTimeNanos=3975329}
2019-12-15 11:15:15.197  INFO 4716 --- [localhost:27017] org.mongodb.driver.cluster               : Discovered cluster type of STANDALONE
2019-12-15 11:15:15.490  INFO 4716 --- [    Test worker] org.mongodb.driver.connection            : Opened connection [connectionId{localValue:2, serverValue:27}] to localhost:27017
2019-12-15 11:15:16.101  INFO 4716 --- [    Test worker] o.s.s.web.DefaultSecurityFilterChain     : Creating filter chain: Ant [pattern='/resources/**'], []
2019-12-15 11:15:16.101  INFO 4716 --- [    Test worker] o.s.s.web.DefaultSecurityFilterChain     : Creating filter chain: Ant [pattern='/static/**'], []
2019-12-15 11:15:16.101  INFO 4716 --- [    Test worker] o.s.s.web.DefaultSecurityFilterChain     : Creating filter chain: Ant [pattern='/css/**'], []
2019-12-15 11:15:16.101  INFO 4716 --- [    Test worker] o.s.s.web.DefaultSecurityFilterChain     : Creating filter chain: Ant [pattern='/js/**'], []
2019-12-15 11:15:16.101  INFO 4716 --- [    Test worker] o.s.s.web.DefaultSecurityFilterChain     : Creating filter chain: Ant [pattern='/images/**'], []
2019-12-15 11:15:16.467  INFO 4716 --- [    Test worker] o.s.s.web.DefaultSecurityFilterChain     : Creating filter chain: any request, [org.springframework.security.web.context.request.async.WebAsyncManagerIntegrationFilter@67948c2d, org.springframework.security.web.context.SecurityContextPersistenceFilter@5fba5f66, org.springframework.security.web.header.HeaderWriterFilter@3480bdfe, org.springframework.web.filter.CorsFilter@6188a5a8, org.springframework.security.web.authentication.logout.LogoutFilter@7e7c6161, com.infofall.serviceconsumer.configs.JwtTokenFilter@2039f0f8, org.springframework.security.web.savedrequest.RequestCacheAwareFilter@263b467d, org.springframework.security.web.servletapi.SecurityContextHolderAwareRequestFilter@4e3e6872, org.springframework.security.web.authentication.AnonymousAuthenticationFilter@38a95288, org.springframework.security.web.session.SessionManagementFilter@3c8d224e, org.springframework.security.web.access.ExceptionTranslationFilter@486ebb4d, org.springframework.security.web.access.intercept.FilterSecurityInterceptor@1eb7e13d]
2019-12-15 11:15:16.985  INFO 4716 --- [    Test worker] o.s.s.concurrent.ThreadPoolTaskExecutor  : Initializing ExecutorService 'applicationTaskExecutor'
2019-12-15 11:15:17.205  INFO 4716 --- [    Test worker] org.mongodb.driver.cluster               : Cluster created with settings {hosts=[localhost:27017], mode=SINGLE, requiredClusterType=UNKNOWN, serverSelectionTimeout='30000 ms', maxWaitQueueSize=500}
2019-12-15 11:15:17.241  INFO 4716 --- [localhost:27017] org.mongodb.driver.connection            : Opened connection [connectionId{localValue:3, serverValue:28}] to localhost:27017
2019-12-15 11:15:17.253  INFO 4716 --- [localhost:27017] org.mongodb.driver.cluster               : Monitor thread successfully connected to server with description ServerDescription{address=localhost:27017, type=STANDALONE, state=CONNECTED, ok=true, version=ServerVersion{versionList=[4, 2, 0]}, minWireVersion=0, maxWireVersion=8, maxDocumentSize=16777216, logicalSessionTimeoutMinutes=30, roundTripTimeNanos=11075230}
2019-12-15 11:15:17.333  INFO 4716 --- [       Thread-7] org.mongodb.driver.connection            : Opened connection [connectionId{localValue:4, serverValue:29}] to localhost:27017
2019-12-15 11:15:17.335  INFO 4716 --- [      Thread-10] org.mongodb.driver.connection            : Opened connection [connectionId{localValue:5, serverValue:30}] to localhost:27017
2019-12-15 11:15:17.605  INFO 4716 --- [    Test worker] c.d.s.SpringAngularAuthApplicationTests  : Started SpringAngularAuthApplicationTests in 5.038 seconds (JVM running for 5.94)
]]></system-out>
  <system-err><![CDATA[]]></system-err>
</testsuite>
