<?xml version="1.0" encoding="UTF-8"?>
<testsuite name="com.djamware.springangularauth.SpringAngularAuthApplicationTests" tests="1" skipped="0" failures="0" errors="0" timestamp="2019-11-19T03:32:01" hostname="anton-ThinkPad-X1-Carbon" time="7.824">
  <properties/>
  <testcase name="contextLoads" classname="com.djamware.springangularauth.SpringAngularAuthApplicationTests" time="7.824"/>
  <system-out><![CDATA[22:31:55.805 [Test worker] DEBUG org.springframework.test.context.junit4.SpringJUnit4ClassRunner - SpringJUnit4ClassRunner constructor called with [class com.djamware.springangularauth.SpringAngularAuthApplicationTests]
22:31:55.814 [Test worker] DEBUG org.springframework.test.context.BootstrapUtils - Instantiating CacheAwareContextLoaderDelegate from class [org.springframework.test.context.cache.DefaultCacheAwareContextLoaderDelegate]
22:31:55.823 [Test worker] DEBUG org.springframework.test.context.BootstrapUtils - Instantiating BootstrapContext using constructor [public org.springframework.test.context.support.DefaultBootstrapContext(java.lang.Class,org.springframework.test.context.CacheAwareContextLoaderDelegate)]
22:31:55.852 [Test worker] DEBUG org.springframework.test.context.BootstrapUtils - Instantiating TestContextBootstrapper for test class [com.djamware.springangularauth.SpringAngularAuthApplicationTests] from class [org.springframework.boot.test.context.SpringBootTestContextBootstrapper]
22:31:55.863 [Test worker] INFO org.springframework.boot.test.context.SpringBootTestContextBootstrapper - Neither @ContextConfiguration nor @ContextHierarchy found for test class [com.djamware.springangularauth.SpringAngularAuthApplicationTests], using SpringBootContextLoader
22:31:55.866 [Test worker] DEBUG org.springframework.test.context.support.AbstractContextLoader - Did not detect default resource location for test class [com.djamware.springangularauth.SpringAngularAuthApplicationTests]: class path resource [com/djamware/springangularauth/SpringAngularAuthApplicationTests-context.xml] does not exist
22:31:55.867 [Test worker] DEBUG org.springframework.test.context.support.AbstractContextLoader - Did not detect default resource location for test class [com.djamware.springangularauth.SpringAngularAuthApplicationTests]: class path resource [com/djamware/springangularauth/SpringAngularAuthApplicationTestsContext.groovy] does not exist
22:31:55.867 [Test worker] INFO org.springframework.test.context.support.AbstractContextLoader - Could not detect default resource locations for test class [com.djamware.springangularauth.SpringAngularAuthApplicationTests]: no resource found for suffixes {-context.xml, Context.groovy}.
22:31:55.868 [Test worker] INFO org.springframework.test.context.support.AnnotationConfigContextLoaderUtils - Could not detect default configuration classes for test class [com.djamware.springangularauth.SpringAngularAuthApplicationTests]: SpringAngularAuthApplicationTests does not declare any static, non-private, non-final, nested classes annotated with @Configuration.
22:31:55.916 [Test worker] DEBUG org.springframework.test.context.support.ActiveProfilesUtils - Could not find an 'annotation declaring class' for annotation type [org.springframework.test.context.ActiveProfiles] and class [com.djamware.springangularauth.SpringAngularAuthApplicationTests]
22:31:55.989 [Test worker] DEBUG org.springframework.context.annotation.ClassPathScanningCandidateComponentProvider - Identified candidate component class: file [/home/anton/infofall/dev/serviceConsumer/build/classes/java/main/com/djamware/springangularauth/SpringAngularAuthApplication.class]
22:31:55.991 [Test worker] INFO org.springframework.boot.test.context.SpringBootTestContextBootstrapper - Found @SpringBootConfiguration com.djamware.springangularauth.SpringAngularAuthApplication for test class com.djamware.springangularauth.SpringAngularAuthApplicationTests
22:31:56.098 [Test worker] DEBUG org.springframework.boot.test.context.SpringBootTestContextBootstrapper - @TestExecutionListeners is not present for class [com.djamware.springangularauth.SpringAngularAuthApplicationTests]: using defaults.
22:31:56.099 [Test worker] INFO org.springframework.boot.test.context.SpringBootTestContextBootstrapper - Loaded default TestExecutionListener class names from location [META-INF/spring.factories]: [org.springframework.security.test.context.support.WithSecurityContextTestExecutionListener, org.springframework.security.test.context.support.ReactorContextTestExecutionListener, org.springframework.boot.test.autoconfigure.restdocs.RestDocsTestExecutionListener, org.springframework.boot.test.autoconfigure.web.client.MockRestServiceServerResetTestExecutionListener, org.springframework.boot.test.autoconfigure.web.servlet.MockMvcPrintOnlyOnFailureTestExecutionListener, org.springframework.boot.test.autoconfigure.web.servlet.WebDriverTestExecutionListener, org.springframework.boot.test.mock.mockito.MockitoTestExecutionListener, org.springframework.boot.test.mock.mockito.ResetMocksTestExecutionListener, org.springframework.test.context.web.ServletTestExecutionListener, org.springframework.test.context.support.DirtiesContextBeforeModesTestExecutionListener, org.springframework.test.context.support.DependencyInjectionTestExecutionListener, org.springframework.test.context.support.DirtiesContextTestExecutionListener, org.springframework.test.context.transaction.TransactionalTestExecutionListener, org.springframework.test.context.jdbc.SqlScriptsTestExecutionListener]
22:31:56.127 [Test worker] INFO org.springframework.boot.test.context.SpringBootTestContextBootstrapper - Using TestExecutionListeners: [org.springframework.test.context.web.ServletTestExecutionListener@177ab678, org.springframework.test.context.support.DirtiesContextBeforeModesTestExecutionListener@3ac13033, org.springframework.boot.test.mock.mockito.MockitoTestExecutionListener@5a2687da, org.springframework.boot.test.autoconfigure.SpringBootDependencyInjectionTestExecutionListener@66016bc6, org.springframework.test.context.support.DirtiesContextTestExecutionListener@240ac808, org.springframework.test.context.transaction.TransactionalTestExecutionListener@17f92412, org.springframework.test.context.jdbc.SqlScriptsTestExecutionListener@790f7960, org.springframework.security.test.context.support.WithSecurityContextTestExecutionListener@14bd72dc, org.springframework.security.test.context.support.ReactorContextTestExecutionListener@6685a2cb, org.springframework.boot.test.autoconfigure.restdocs.RestDocsTestExecutionListener@3802d3bd, org.springframework.boot.test.autoconfigure.web.client.MockRestServiceServerResetTestExecutionListener@3ac479a4, org.springframework.boot.test.autoconfigure.web.servlet.MockMvcPrintOnlyOnFailureTestExecutionListener@4590d7b2, org.springframework.boot.test.autoconfigure.web.servlet.WebDriverTestExecutionListener@ec8a631, org.springframework.boot.test.mock.mockito.ResetMocksTestExecutionListener@20f9036e]
22:31:56.142 [Test worker] DEBUG org.springframework.test.annotation.ProfileValueUtils - Retrieved @ProfileValueSourceConfiguration [null] for test class [com.djamware.springangularauth.SpringAngularAuthApplicationTests]
22:31:56.142 [Test worker] DEBUG org.springframework.test.annotation.ProfileValueUtils - Retrieved ProfileValueSource type [class org.springframework.test.annotation.SystemProfileValueSource] for class [com.djamware.springangularauth.SpringAngularAuthApplicationTests]
22:31:56.143 [Test worker] DEBUG org.springframework.test.annotation.ProfileValueUtils - Retrieved @ProfileValueSourceConfiguration [null] for test class [com.djamware.springangularauth.SpringAngularAuthApplicationTests]
22:31:56.144 [Test worker] DEBUG org.springframework.test.annotation.ProfileValueUtils - Retrieved ProfileValueSource type [class org.springframework.test.annotation.SystemProfileValueSource] for class [com.djamware.springangularauth.SpringAngularAuthApplicationTests]
22:31:56.148 [Test worker] DEBUG org.springframework.test.context.support.AbstractDirtiesContextTestExecutionListener - Before test class: context [DefaultTestContext@71104ffd testClass = SpringAngularAuthApplicationTests, testInstance = [null], testMethod = [null], testException = [null], mergedContextConfiguration = [WebMergedContextConfiguration@3bcaeb22 testClass = SpringAngularAuthApplicationTests, locations = '{}', classes = '{class com.djamware.springangularauth.SpringAngularAuthApplication}', contextInitializerClasses = '[]', activeProfiles = '{}', propertySourceLocations = '{}', propertySourceProperties = '{org.springframework.boot.test.context.SpringBootTestContextBootstrapper=true}', contextCustomizers = set[org.springframework.boot.test.autoconfigure.properties.PropertyMappingContextCustomizer@0, org.springframework.boot.test.autoconfigure.web.servlet.WebDriverContextCustomizerFactory$Customizer@5bb0226c, org.springframework.boot.test.context.filter.ExcludeFilterContextCustomizer@4f359cc6, org.springframework.boot.test.json.DuplicateJsonObjectContextCustomizerFactory$DuplicateJsonObjectContextCustomizer@6f7d4350, org.springframework.boot.test.mock.mockito.MockitoContextCustomizer@0, org.springframework.boot.test.web.client.TestRestTemplateContextCustomizer@55e315b2], resourceBasePath = 'src/main/webapp', contextLoader = 'org.springframework.boot.test.context.SpringBootContextLoader', parent = [null]], attributes = map['org.springframework.test.context.web.ServletTestExecutionListener.activateListener' -> true]], class annotated with @DirtiesContext [false] with mode [null].
22:31:56.149 [Test worker] DEBUG org.springframework.test.annotation.ProfileValueUtils - Retrieved @ProfileValueSourceConfiguration [null] for test class [com.djamware.springangularauth.SpringAngularAuthApplicationTests]
22:31:56.149 [Test worker] DEBUG org.springframework.test.annotation.ProfileValueUtils - Retrieved ProfileValueSource type [class org.springframework.test.annotation.SystemProfileValueSource] for class [com.djamware.springangularauth.SpringAngularAuthApplicationTests]
22:31:56.170 [Test worker] DEBUG org.springframework.test.context.support.TestPropertySourceUtils - Adding inlined properties to environment: {spring.jmx.enabled=false, org.springframework.boot.test.context.SpringBootTestContextBootstrapper=true, server.port=-1}

  .   ____          _            __ _ _
 /\\ / ___'_ __ _ _(_)_ __  __ _ \ \ \ \
( ( )\___ | '_ | '_| | '_ \/ _` | \ \ \ \
 \\/  ___)| |_)| | | | | || (_| |  ) ) ) )
  '  |____| .__|_| |_|_| |_\__, | / / / /
 =========|_|==============|___/=/_/_/_/
 :: Spring Boot ::        (v2.1.6.RELEASE)

2019-11-18 22:31:56.482  INFO 6119 --- [    Test worker] c.d.s.SpringAngularAuthApplicationTests  : Starting SpringAngularAuthApplicationTests on anton-ThinkPad-X1-Carbon with PID 6119 (started by anton in /home/anton/infofall/dev/serviceConsumer)
2019-11-18 22:31:56.484  INFO 6119 --- [    Test worker] c.d.s.SpringAngularAuthApplicationTests  : No active profile set, falling back to default profiles: default
2019-11-18 22:31:57.444  INFO 6119 --- [    Test worker] .s.d.r.c.RepositoryConfigurationDelegate : Bootstrapping Spring Data repositories in DEFAULT mode.
2019-11-18 22:31:57.598  INFO 6119 --- [    Test worker] .s.d.r.c.RepositoryConfigurationDelegate : Finished Spring Data repository scanning in 149ms. Found 0 repository interfaces.
2019-11-18 22:31:57.607  INFO 6119 --- [    Test worker] .s.d.r.c.RepositoryConfigurationDelegate : Bootstrapping Spring Data repositories in DEFAULT mode.
2019-11-18 22:31:57.641  INFO 6119 --- [    Test worker] .s.d.r.c.RepositoryConfigurationDelegate : Finished Spring Data repository scanning in 34ms. Found 3 repository interfaces.
2019-11-18 22:31:58.577  INFO 6119 --- [    Test worker] org.mongodb.driver.cluster               : Cluster created with settings {hosts=[localhost:27017], mode=MULTIPLE, requiredClusterType=UNKNOWN, serverSelectionTimeout='30000 ms', maxWaitQueueSize=500}
2019-11-18 22:31:58.577  INFO 6119 --- [    Test worker] org.mongodb.driver.cluster               : Adding discovered server localhost:27017 to client view of cluster
2019-11-18 22:31:58.746  INFO 6119 --- [localhost:27017] org.mongodb.driver.connection            : Opened connection [connectionId{localValue:1, serverValue:1}] to localhost:27017
2019-11-18 22:31:58.753  INFO 6119 --- [localhost:27017] org.mongodb.driver.cluster               : Monitor thread successfully connected to server with description ServerDescription{address=localhost:27017, type=STANDALONE, state=CONNECTED, ok=true, version=ServerVersion{versionList=[4, 2, 0]}, minWireVersion=0, maxWireVersion=8, maxDocumentSize=16777216, logicalSessionTimeoutMinutes=30, roundTripTimeNanos=4704766}
2019-11-18 22:31:58.756  INFO 6119 --- [localhost:27017] org.mongodb.driver.cluster               : Discovered cluster type of STANDALONE
2019-11-18 22:31:58.956  INFO 6119 --- [    Test worker] org.mongodb.driver.connection            : Opened connection [connectionId{localValue:2, serverValue:2}] to localhost:27017
2019-11-18 22:31:59.703  INFO 6119 --- [    Test worker] o.s.s.web.DefaultSecurityFilterChain     : Creating filter chain: Ant [pattern='/resources/**'], []
2019-11-18 22:31:59.703  INFO 6119 --- [    Test worker] o.s.s.web.DefaultSecurityFilterChain     : Creating filter chain: Ant [pattern='/static/**'], []
2019-11-18 22:31:59.703  INFO 6119 --- [    Test worker] o.s.s.web.DefaultSecurityFilterChain     : Creating filter chain: Ant [pattern='/css/**'], []
2019-11-18 22:31:59.703  INFO 6119 --- [    Test worker] o.s.s.web.DefaultSecurityFilterChain     : Creating filter chain: Ant [pattern='/js/**'], []
2019-11-18 22:31:59.703  INFO 6119 --- [    Test worker] o.s.s.web.DefaultSecurityFilterChain     : Creating filter chain: Ant [pattern='/images/**'], []
2019-11-18 22:32:00.016  INFO 6119 --- [    Test worker] o.s.s.web.DefaultSecurityFilterChain     : Creating filter chain: any request, [org.springframework.security.web.context.request.async.WebAsyncManagerIntegrationFilter@6c5670e4, org.springframework.security.web.context.SecurityContextPersistenceFilter@4e3e6872, org.springframework.security.web.header.HeaderWriterFilter@3c8d224e, org.springframework.web.filter.CorsFilter@20a7c639, org.springframework.security.web.authentication.logout.LogoutFilter@64b680f9, com.djamware.springangularauth.configs.JwtTokenFilter@675ecbc8, org.springframework.security.web.savedrequest.RequestCacheAwareFilter@394ec606, org.springframework.security.web.servletapi.SecurityContextHolderAwareRequestFilter@7ab9a9ac, org.springframework.security.web.authentication.AnonymousAuthenticationFilter@4377bc77, org.springframework.security.web.session.SessionManagementFilter@10ff73aa, org.springframework.security.web.access.ExceptionTranslationFilter@6849fd9d, org.springframework.security.web.access.intercept.FilterSecurityInterceptor@7de6b0a1]
2019-11-18 22:32:00.661  INFO 6119 --- [    Test worker] o.s.s.concurrent.ThreadPoolTaskExecutor  : Initializing ExecutorService 'applicationTaskExecutor'
2019-11-18 22:32:00.835  INFO 6119 --- [    Test worker] org.mongodb.driver.cluster               : Cluster created with settings {hosts=[localhost:27017], mode=SINGLE, requiredClusterType=UNKNOWN, serverSelectionTimeout='30000 ms', maxWaitQueueSize=500}
2019-11-18 22:32:00.971  INFO 6119 --- [localhost:27017] org.mongodb.driver.connection            : Opened connection [connectionId{localValue:3, serverValue:3}] to localhost:27017
2019-11-18 22:32:00.972  INFO 6119 --- [localhost:27017] org.mongodb.driver.cluster               : Monitor thread successfully connected to server with description ServerDescription{address=localhost:27017, type=STANDALONE, state=CONNECTED, ok=true, version=ServerVersion{versionList=[4, 2, 0]}, minWireVersion=0, maxWireVersion=8, maxDocumentSize=16777216, logicalSessionTimeoutMinutes=30, roundTripTimeNanos=1145418}
2019-11-18 22:32:01.016  INFO 6119 --- [       Thread-9] org.mongodb.driver.connection            : Opened connection [connectionId{localValue:5, serverValue:5}] to localhost:27017
2019-11-18 22:32:01.025  INFO 6119 --- [       Thread-6] org.mongodb.driver.connection            : Opened connection [connectionId{localValue:4, serverValue:4}] to localhost:27017
2019-11-18 22:32:01.218  INFO 6119 --- [    Test worker] c.d.s.SpringAngularAuthApplicationTests  : Started SpringAngularAuthApplicationTests in 5.038 seconds (JVM running for 6.026)
]]></system-out>
  <system-err><![CDATA[]]></system-err>
</testsuite>
