<?xml version="1.0" encoding="UTF-8"?>
<testsuite name="com.djamware.springangularauth.repositories.RoleRepositoryTest" tests="1" skipped="0" failures="0" errors="0" timestamp="2019-12-15T16:15:17" hostname="anton-ThinkPad-X1-Carbon" time="0.057">
  <properties/>
  <testcase name="testCreateProduct" classname="com.djamware.springangularauth.repositories.RoleRepositoryTest" time="0.057"/>
  <system-out><![CDATA[2019-12-15 11:15:17.862  INFO 4716 --- [    Test worker] .b.t.c.SpringBootTestContextBootstrapper : Neither @ContextConfiguration nor @ContextHierarchy found for test class [com.djamware.springangularauth.repositories.RoleRepositoryTest], using SpringBootContextLoader
2019-12-15 11:15:17.864  INFO 4716 --- [    Test worker] o.s.t.c.support.AbstractContextLoader    : Could not detect default resource locations for test class [com.djamware.springangularauth.repositories.RoleRepositoryTest]: no resource found for suffixes {-context.xml, Context.groovy}.
2019-12-15 11:15:17.871  INFO 4716 --- [    Test worker] .b.t.c.SpringBootTestContextBootstrapper : Loaded default TestExecutionListener class names from location [META-INF/spring.factories]: [org.springframework.security.test.context.support.WithSecurityContextTestExecutionListener, org.springframework.security.test.context.support.ReactorContextTestExecutionListener, org.springframework.boot.test.autoconfigure.restdocs.RestDocsTestExecutionListener, org.springframework.boot.test.autoconfigure.web.client.MockRestServiceServerResetTestExecutionListener, org.springframework.boot.test.autoconfigure.web.servlet.MockMvcPrintOnlyOnFailureTestExecutionListener, org.springframework.boot.test.autoconfigure.web.servlet.WebDriverTestExecutionListener, org.springframework.boot.test.mock.mockito.MockitoTestExecutionListener, org.springframework.boot.test.mock.mockito.ResetMocksTestExecutionListener, org.springframework.test.context.web.ServletTestExecutionListener, org.springframework.test.context.support.DirtiesContextBeforeModesTestExecutionListener, org.springframework.test.context.support.DependencyInjectionTestExecutionListener, org.springframework.test.context.support.DirtiesContextTestExecutionListener, org.springframework.test.context.transaction.TransactionalTestExecutionListener, org.springframework.test.context.jdbc.SqlScriptsTestExecutionListener]
2019-12-15 11:15:17.873  INFO 4716 --- [    Test worker] .b.t.c.SpringBootTestContextBootstrapper : Using TestExecutionListeners: [org.springframework.test.context.web.ServletTestExecutionListener@3b56a6f4, org.springframework.test.context.support.DirtiesContextBeforeModesTestExecutionListener@1c21132d, org.springframework.boot.test.mock.mockito.MockitoTestExecutionListener@303c0ece, org.springframework.boot.test.autoconfigure.SpringBootDependencyInjectionTestExecutionListener@47c17bc7, org.springframework.test.context.support.DirtiesContextTestExecutionListener@49ae04cd, org.springframework.test.context.transaction.TransactionalTestExecutionListener@5d82deae, org.springframework.test.context.jdbc.SqlScriptsTestExecutionListener@d18e1ae, org.springframework.security.test.context.support.WithSecurityContextTestExecutionListener@41cbac89, org.springframework.security.test.context.support.ReactorContextTestExecutionListener@78fa4011, org.springframework.boot.test.autoconfigure.restdocs.RestDocsTestExecutionListener@33c6860e, org.springframework.boot.test.autoconfigure.web.client.MockRestServiceServerResetTestExecutionListener@79991449, org.springframework.boot.test.autoconfigure.web.servlet.MockMvcPrintOnlyOnFailureTestExecutionListener@652a4017, org.springframework.boot.test.autoconfigure.web.servlet.WebDriverTestExecutionListener@4ffa6e6b, org.springframework.boot.test.mock.mockito.ResetMocksTestExecutionListener@488b776c]
]]></system-out>
  <system-err><![CDATA[]]></system-err>
</testsuite>
