<?xml version="1.0" encoding="UTF-8"?>
<testsuite name="com.djamware.springangularauth.repositories.RoleRepositoryTest" tests="1" skipped="0" failures="0" errors="0" timestamp="2019-11-19T03:32:09" hostname="anton-ThinkPad-X1-Carbon" time="0.199">
  <properties/>
  <testcase name="testCreateProduct" classname="com.djamware.springangularauth.repositories.RoleRepositoryTest" time="0.199"/>
  <system-out><![CDATA[2019-11-18 22:32:09.225  INFO 6119 --- [    Test worker] .b.t.c.SpringBootTestContextBootstrapper : Neither @ContextConfiguration nor @ContextHierarchy found for test class [com.djamware.springangularauth.repositories.RoleRepositoryTest], using SpringBootContextLoader
2019-11-18 22:32:09.227  INFO 6119 --- [    Test worker] o.s.t.c.support.AbstractContextLoader    : Could not detect default resource locations for test class [com.djamware.springangularauth.repositories.RoleRepositoryTest]: no resource found for suffixes {-context.xml, Context.groovy}.
2019-11-18 22:32:09.228  INFO 6119 --- [    Test worker] t.c.s.AnnotationConfigContextLoaderUtils : Could not detect default configuration classes for test class [com.djamware.springangularauth.repositories.RoleRepositoryTest]: RoleRepositoryTest does not declare any static, non-private, non-final, nested classes annotated with @Configuration.
2019-11-18 22:32:09.238  INFO 6119 --- [    Test worker] .b.t.c.SpringBootTestContextBootstrapper : Found @SpringBootConfiguration com.djamware.springangularauth.SpringAngularAuthApplication for test class com.djamware.springangularauth.repositories.RoleRepositoryTest
2019-11-18 22:32:09.240  INFO 6119 --- [    Test worker] .b.t.c.SpringBootTestContextBootstrapper : Loaded default TestExecutionListener class names from location [META-INF/spring.factories]: [org.springframework.security.test.context.support.WithSecurityContextTestExecutionListener, org.springframework.security.test.context.support.ReactorContextTestExecutionListener, org.springframework.boot.test.autoconfigure.restdocs.RestDocsTestExecutionListener, org.springframework.boot.test.autoconfigure.web.client.MockRestServiceServerResetTestExecutionListener, org.springframework.boot.test.autoconfigure.web.servlet.MockMvcPrintOnlyOnFailureTestExecutionListener, org.springframework.boot.test.autoconfigure.web.servlet.WebDriverTestExecutionListener, org.springframework.boot.test.mock.mockito.MockitoTestExecutionListener, org.springframework.boot.test.mock.mockito.ResetMocksTestExecutionListener, org.springframework.test.context.web.ServletTestExecutionListener, org.springframework.test.context.support.DirtiesContextBeforeModesTestExecutionListener, org.springframework.test.context.support.DependencyInjectionTestExecutionListener, org.springframework.test.context.support.DirtiesContextTestExecutionListener, org.springframework.test.context.transaction.TransactionalTestExecutionListener, org.springframework.test.context.jdbc.SqlScriptsTestExecutionListener]
2019-11-18 22:32:09.241  INFO 6119 --- [    Test worker] .b.t.c.SpringBootTestContextBootstrapper : Using TestExecutionListeners: [org.springframework.test.context.web.ServletTestExecutionListener@652a4017, org.springframework.test.context.support.DirtiesContextBeforeModesTestExecutionListener@4ffa6e6b, org.springframework.boot.test.mock.mockito.MockitoTestExecutionListener@488b776c, org.springframework.boot.test.autoconfigure.SpringBootDependencyInjectionTestExecutionListener@79811968, org.springframework.test.context.support.DirtiesContextTestExecutionListener@4e1cc4b7, org.springframework.test.context.transaction.TransactionalTestExecutionListener@52896229, org.springframework.test.context.jdbc.SqlScriptsTestExecutionListener@41aa5f03, org.springframework.security.test.context.support.WithSecurityContextTestExecutionListener@30915407, org.springframework.security.test.context.support.ReactorContextTestExecutionListener@188007de, org.springframework.boot.test.autoconfigure.restdocs.RestDocsTestExecutionListener@181a6cd, org.springframework.boot.test.autoconfigure.web.client.MockRestServiceServerResetTestExecutionListener@1240b3b9, org.springframework.boot.test.autoconfigure.web.servlet.MockMvcPrintOnlyOnFailureTestExecutionListener@284bfc9a, org.springframework.boot.test.autoconfigure.web.servlet.WebDriverTestExecutionListener@306da0ba, org.springframework.boot.test.mock.mockito.ResetMocksTestExecutionListener@3cd6dfb4]
]]></system-out>
  <system-err><![CDATA[]]></system-err>
</testsuite>
